Aug 31, 2021 1:58:10 PM usb.LogWriter writeLog
INFO: USB E detected
Aug 31, 2021 1:58:10 PM usb.LogWriter writeLog
INFO: Total space: 3822 MB
Aug 31, 2021 1:58:10 PM usb.LogWriter writeLog
INFO: Free space: 3569 MB
Aug 31, 2021 1:58:10 PM usb.LogWriter writeLog
INFO: Number of files: 308
Aug 31, 2021 1:58:10 PM usb.LogWriter writeLog
INFO: Number of folders: 7
Aug 31, 2021 1:58:10 PM usb.LogWriter writeLog
INFO: Plugin time: 2021-08-31 13:58:10
Aug 31, 2021 1:58:48 PM usb.LogWriter writeLog
INFO: Copy total 131 images, capacity: 100 MB
Aug 31, 2021 2:02:10 PM usb.LogWriter writeLog
INFO: USB E detected
Aug 31, 2021 2:02:10 PM usb.LogWriter writeLog
INFO: Total space: 3822 MB
Aug 31, 2021 2:02:10 PM usb.LogWriter writeLog
INFO: Free space: 3569 MB
Aug 31, 2021 2:02:10 PM usb.LogWriter writeLog
INFO: Number of files: 308
Aug 31, 2021 2:02:10 PM usb.LogWriter writeLog
INFO: Number of folders: 7
Aug 31, 2021 2:02:10 PM usb.LogWriter writeLog
INFO: Plugin time: 2021-08-31 14:02:10
Aug 31, 2021 2:02:51 PM usb.LogWriter writeLog
INFO: Copy total 131 images, capacity: 100 MB
